#-----------------------------------------------------------
# Vivado v2018.2 (64-bit)
# SW Build 2258646 on Thu Jun 14 20:03:12 MDT 2018
# IP Build 2256618 on Thu Jun 14 22:10:49 MDT 2018
# Start of session at: Mon Feb 12 07:39:24 2024
# Process ID: 17272
# Current directory: C:/ECE281/ece281-ice3
# Command line: vivado.exe -gui_launcher_event rodinguilauncherevent2896 C:\ECE281\ece281-ice3\fullAdder.xpr
# Log file: C:/ECE281/ece281-ice3/vivado.log
# Journal file: C:/ECE281/ece281-ice3\vivado.jou
#-----------------------------------------------------------
start_gui
open_project C:/ECE281/ece281-ice3/fullAdder.xpr
Scanning sources...
Finished scanning sources
WARNING: [filemgmt 56-3] IPUserFilesDir: Could not find the directory 'C:/ECE281/ece281-ice3/fullAdder.ip_user_files'.
INFO: [IP_Flow 19-234] Refreshing IP repositories
INFO: [IP_Flow 19-1704] No user IP repositories specified
INFO: [IP_Flow 19-2313] Loaded Vivado IP repository 'C:/Xilinx/Vivado/2018.2/data/ip'.
open_project: Time (s): cpu = 00:00:07 ; elapsed = 00:00:07 . Memory (MB): peak = 756.965 ; gain = 87.512
update_compile_order -fileset sources_1
update_compile_order -fileset sources_1
set_property top top_basys3_tb [get_filesets sim_1]
set_property top_lib xil_defaultlib [get_filesets sim_1]
WARNING: [filemgmt 56-199] Attempt to get parsing info during refresh. "On-the-fly" syntax checking information may be incorrect. [C:/ECE281/ece281-ice3/src/hdl/top_basys3.vhd:]
WARNING: [filemgmt 56-199] Attempt to get parsing info during refresh. "On-the-fly" syntax checking information may be incorrect. [C:/ECE281/ece281-ice3/src/hdl/halfAdder.vhd:]
WARNING: [filemgmt 56-199] Attempt to get parsing info during refresh. "On-the-fly" syntax checking information may be incorrect. [C:/ECE281/ece281-ice3/src/hdl/top_basys3_tb.vhd:]
WARNING: [filemgmt 56-199] Attempt to get parsing info during refresh. "On-the-fly" syntax checking information may be incorrect. [C:/ECE281/ece281-ice3/src/hdl/halfAdder_tb.vhd:]
WARNING: [filemgmt 56-199] Attempt to get parsing info during refresh. "On-the-fly" syntax checking information may be incorrect. [C:/ECE281/ece281-ice3/src/hdl/top_basys3.vhd:]
WARNING: [filemgmt 56-199] Attempt to get parsing info during refresh. "On-the-fly" syntax checking information may be incorrect. [C:/ECE281/ece281-ice3/src/hdl/halfAdder.vhd:]
WARNING: [filemgmt 56-199] Attempt to get parsing info during refresh. "On-the-fly" syntax checking information may be incorrect. [C:/ECE281/ece281-ice3/src/hdl/top_basys3_tb.vhd:]
WARNING: [filemgmt 56-199] Attempt to get parsing info during refresh. "On-the-fly" syntax checking information may be incorrect. [C:/ECE281/ece281-ice3/src/hdl/halfAdder_tb.vhd:]
update_ip_catalog
update_compile_order -fileset sim_1
set_property SOURCE_SET {} [get_filesets sim_1]
add_files -fileset sim_1 -norecurse {C:/ECE281/ece281-ice3/src/hdl/top_basys3.vhd C:/ECE281/ece281-ice3/src/hdl/halfAdder.vhd}
update_compile_order -fileset sim_1
launch_simulation
INFO: [Vivado 12-5682] Launching behavioral simulation in 'C:/ECE281/ece281-ice3/fullAdder.sim/sim_1/behav/xsim'
INFO: [SIM-utils-51] Simulation object is 'sim_1'
INFO: [SIM-utils-54] Inspecting design source files for 'top_basys3_tb' in fileset 'sim_1'...
INFO: [USF-XSim-97] Finding global include files...
INFO: [USF-XSim-98] Fetching design files from 'sim_1'...
INFO: [USF-XSim-2] XSim::Compile design
INFO: [USF-XSim-61] Executing 'COMPILE and ANALYZE' step in 'C:/ECE281/ece281-ice3/fullAdder.sim/sim_1/behav/xsim'
"xvhdl --incr --relax -prj top_basys3_tb_vhdl.prj"
INFO: [VRFC 10-163] Analyzing VHDL file "C:/ECE281/ece281-ice3/src/hdl/halfAdder.vhd" into library xil_defaultlib
INFO: [VRFC 10-307] analyzing entity halfAdder
INFO: [VRFC 10-163] Analyzing VHDL file "C:/ECE281/ece281-ice3/src/hdl/top_basys3.vhd" into library xil_defaultlib
INFO: [VRFC 10-307] analyzing entity top_basys3
INFO: [VRFC 10-163] Analyzing VHDL file "C:/ECE281/ece281-ice3/src/hdl/top_basys3_tb.vhd" into library xil_defaultlib
INFO: [VRFC 10-307] analyzing entity top_basys3_tb
INFO: [USF-XSim-69] 'compile' step finished in '2' seconds
INFO: [USF-XSim-3] XSim::Elaborate design
INFO: [USF-XSim-61] Executing 'ELABORATE' step in 'C:/ECE281/ece281-ice3/fullAdder.sim/sim_1/behav/xsim'
Vivado Simulator 2018.2
Copyright 1986-1999, 2001-2018 Xilinx, Inc. All Rights Reserved.
Running: C:/Xilinx/Vivado/2018.2/bin/unwrapped/win64.o/xelab.exe -wto ea1aea8553474ced85dc86dcdbbeee49 --incr --debug typical --relax --mt 2 -L xil_defaultlib -L secureip --snapshot top_basys3_tb_behav xil_defaultlib.top_basys3_tb -log elaborate.log 
Using 2 slave threads.
Starting static elaboration
Completed static elaboration
Starting simulation data flow analysis
Completed simulation data flow analysis
Time Resolution for simulation is 1ps
Compiling package std.standard
Compiling package std.textio
Compiling package ieee.std_logic_1164
Compiling package ieee.numeric_std
Compiling architecture halfadder_arch of entity xil_defaultlib.halfAdder [halfadder_default]
Compiling architecture top_basys3_arch of entity xil_defaultlib.top_basys3 [top_basys3_default]
Compiling architecture test_bench of entity xil_defaultlib.top_basys3_tb
Built simulation snapshot top_basys3_tb_behav

****** Webtalk v2018.2 (64-bit)
  **** SW Build 2258646 on Thu Jun 14 20:03:12 MDT 2018
  **** IP Build 2256618 on Thu Jun 14 22:10:49 MDT 2018
    ** Copyright 1986-2018 Xilinx, Inc. All Rights Reserved.

source C:/ECE281/ece281-ice3/fullAdder.sim/sim_1/behav/xsim/xsim.dir/top_basys3_tb_behav/webtalk/xsim_webtalk.tcl -notrace
INFO: [Common 17-206] Exiting Webtalk at Mon Feb 12 09:02:01 2024...
run_program: Time (s): cpu = 00:00:00 ; elapsed = 00:00:05 . Memory (MB): peak = 868.160 ; gain = 0.000
INFO: [USF-XSim-69] 'elaborate' step finished in '6' seconds
INFO: [USF-XSim-4] XSim::Simulate design
INFO: [USF-XSim-61] Executing 'SIMULATE' step in 'C:/ECE281/ece281-ice3/fullAdder.sim/sim_1/behav/xsim'
INFO: [USF-XSim-98] *** Running xsim
   with args "top_basys3_tb_behav -key {Behavioral:sim_1:Functional:top_basys3_tb} -tclbatch {top_basys3_tb.tcl} -log {simulate.log}"
INFO: [USF-XSim-8] Loading simulator feature
Vivado Simulator 2018.2
Time resolution is 1 ps
source top_basys3_tb.tcl
# set curr_wave [current_wave_config]
# if { [string length $curr_wave] == 0 } {
#   if { [llength [get_objects]] > 0} {
#     add_wave /
#     set_property needs_save false [current_wave_config]
#   } else {
#      send_msg_id Add_Wave-1 WARNING "No top level signals found. Simulator will start without a wave window. If you want to open a wave window go to 'File->New Waveform Configuration' or type 'create_wave_config' in the TCL console."
#   }
# }
# run 1000ns
INFO: [USF-XSim-96] XSim completed. Design snapshot 'top_basys3_tb_behav' loaded.
INFO: [USF-XSim-97] XSim simulation ran for 1000ns
launch_simulation: Time (s): cpu = 00:00:03 ; elapsed = 00:00:12 . Memory (MB): peak = 881.238 ; gain = 13.078
close_sim
INFO: [Simtcl 6-16] Simulation closed
exit
INFO: [Common 17-206] Exiting Vivado at Mon Feb 12 09:10:10 2024...
