#-----------------------------------------------------------
# Vivado v2018.2 (64-bit)
# SW Build 2258646 on Thu Jun 14 20:03:12 MDT 2018
# IP Build 2256618 on Thu Jun 14 22:10:49 MDT 2018
# Start of session at: Thu Feb  8 07:46:29 2024
# Process ID: 15700
# Current directory: C:/ECE281/ece281-ice3
# Command line: vivado.exe -gui_launcher_event rodinguilauncherevent21852 C:\ECE281\ece281-ice3\fullAdder.xpr
# Log file: C:/ECE281/ece281-ice3/vivado.log
# Journal file: C:/ECE281/ece281-ice3\vivado.jou
#-----------------------------------------------------------
start_gui
open_project C:/ECE281/ece281-ice3/fullAdder.xpr
Scanning sources...
Finished scanning sources
WARNING: [filemgmt 56-3] IPUserFilesDir: Could not find the directory 'C:/ECE281/ece281-ice3/fullAdder.ip_user_files'.
INFO: [IP_Flow 19-234] Refreshing IP repositories
INFO: [IP_Flow 19-1704] No user IP repositories specified
INFO: [IP_Flow 19-2313] Loaded Vivado IP repository 'C:/Xilinx/Vivado/2018.2/data/ip'.
open_project: Time (s): cpu = 00:00:04 ; elapsed = 00:00:05 . Memory (MB): peak = 752.867 ; gain = 77.828
update_compile_order -fileset sources_1
add_files -norecurse C:/ECE281/ece281-ice3/src/hdl/halfAdder.vhd
exit
INFO: [Common 17-206] Exiting Vivado at Thu Feb  8 08:30:59 2024...
